<?xml version="1.0" encoding="UTF-8"?>
<!-- Generated by org.testng.reporters.JUnitReportReporter -->
<testsuite hostname="DESKTOP-2MNIJUS" failures="0" tests="1" name="Practice.Samples" time="0.011" errors="0" timestamp="2023-04-26T09:14:12 IST" skipped="0">
  <testcase classname="Practice.Samples" name="m1" time="0.011"/>
  <system-out/>
</testsuite> <!-- Practice.Samples -->
