<?xml version="1.0" encoding="UTF-8"?>
<!-- Generated by org.testng.reporters.JUnitReportReporter -->
<testsuite hostname="DESKTOP-2MNIJUS" failures="0" tests="1" name="Practice.Parameters" time="0.014" errors="0" timestamp="2023-04-19T19:38:13 IST" skipped="0">
  <testcase classname="Practice.Parameters" name="m1" time="0.014"/>
  <system-out/>
</testsuite> <!-- Practice.Parameters -->
