<?xml version="1.0" encoding="UTF-8"?>
<!-- Generated by org.testng.reporters.JUnitReportReporter -->
<testsuite hostname="DESKTOP-2MNIJUS" failures="0" tests="1" name="Practice.Demo" time="0.022" errors="0" timestamp="2023-04-19T17:23:28 IST" skipped="0">
  <testcase classname="Practice.Demo" name="method" time="0.022"/>
  <system-out/>
</testsuite> <!-- Practice.Demo -->
